<?xml version="1.0" encoding="UTF-8"?>
<!-- Generated by org.testng.reporters.JUnitReportReporter -->
<testsuite hostname="Siv-Laptop" name="basicTests.FirstClass" tests="2" failures="0" timestamp="26 Jun 2017 11:54:30 GMT" time="19.175" errors="0">
  <testcase name="simpleTestTrue" time="0.016" classname="basicTests.FirstClass"/>
  <testcase name="check" time="19.159" classname="basicTests.FirstClass"/>
</testsuite> <!-- basicTests.FirstClass -->
