<?xml version="1.0" encoding="UTF-8"?>
<!-- Generated by org.testng.reporters.JUnitReportReporter -->
<testsuite hostname="Siv-Laptop" name="basicTests.ExtractPDFDataTest" tests="3" failures="0" timestamp="25 Aug 2017 15:41:06 GMT" time="12.233" errors="0">
  <testcase name="checkPDFPageTest" time="2.334" classname="basicTests.ExtractPDFDataTest"/>
  <testcase name="navigateToHomePageTest" time="0.332" classname="basicTests.ExtractPDFDataTest"/>
  <testcase name="extractPDFTextDataTest" time="9.567" classname="basicTests.ExtractPDFDataTest"/>
</testsuite> <!-- basicTests.ExtractPDFDataTest -->
